<?xml version="1.0" encoding="UTF-8"?>
<testng-results ignored="0" total="2" passed="2" failed="0" skipped="0">
  <reporter-output>
  </reporter-output>
  <suite started-at="2024-06-22T16:47:20Z" name="Default suite" finished-at="2024-06-22T16:48:10Z" duration-ms="49887">
    <groups>
    </groups>
    <test started-at="2024-06-22T16:47:20Z" name="Default test" finished-at="2024-06-22T16:48:10Z" duration-ms="49887">
      <class name="LoginTest.LoginuserTest">
        <test-method is-config="true" signature="setup()[pri:0, instance:LoginTest.LoginuserTest@3b7d3a38]" started-at="2024-06-22T16:47:20Z" name="setup" finished-at="2024-06-22T16:47:24Z" duration-ms="3667" status="PASS">
          <reporter-output>
          </reporter-output>
        </test-method> <!-- setup -->
        <test-method signature="logintest()[pri:-1, instance:LoginTest.LoginuserTest@3b7d3a38]" started-at="2024-06-22T16:47:24Z" name="logintest" finished-at="2024-06-22T16:47:31Z" duration-ms="6674" status="PASS">
          <reporter-output>
          </reporter-output>
        </test-method> <!-- logintest -->
        <test-method signature="Homeuser()[pri:0, instance:LoginTest.LoginuserTest@3b7d3a38]" started-at="2024-06-22T16:47:31Z" name="Homeuser" finished-at="2024-06-22T16:48:09Z" duration-ms="38661" status="PASS">
          <reporter-output>
          </reporter-output>
        </test-method> <!-- Homeuser -->
        <test-method is-config="true" signature="teardown()[pri:0, instance:LoginTest.LoginuserTest@3b7d3a38]" started-at="2024-06-22T16:48:09Z" name="teardown" finished-at="2024-06-22T16:48:10Z" duration-ms="840" status="PASS">
          <reporter-output>
          </reporter-output>
        </test-method> <!-- teardown -->
      </class> <!-- LoginTest.LoginuserTest -->
    </test> <!-- Default test -->
  </suite> <!-- Default suite -->
</testng-results>
